-------------------------------------------------------------------------------
Test set: com.formation.test.SimpleInterestCalculatorJUnit4Tests
-------------------------------------------------------------------------------
Tests run: 2, Failures: 1, Errors: 0, Skipped: 0, Time elapsed: 0.111 s <<< FAILURE! - in com.formation.test.SimpleInterestCalculatorJUnit4Tests
com.formation.test.SimpleInterestCalculatorJUnit4Tests.testCalculate  Time elapsed: 0.024 s  <<< FAILURE!
java.lang.AssertionError: expected:<100.0> but was:<1000.0>
	at com.formation.test.SimpleInterestCalculatorJUnit4Tests.testCalculate(SimpleInterestCalculatorJUnit4Tests.java:23)

